{"C:\\Users\\mihir\\OneDrive\\Desktop\\Development\\todo-app-testing\\src\\conn.ts": {"path":"C:\\Users\\mihir\\OneDrive\\Desktop\\Development\\todo-app-testing\\src\\conn.ts","statementMap":{"0":{"start":{"line":16,"column":0},"end":{"line":16,"column":22}},"1":{"start":{"line":24,"column":0},"end":{"line":24,"column":22}},"2":{"start":{"line":1,"column":0},"end":{"line":1,"column":58}},"3":{"start":{"line":2,"column":0},"end":{"line":2,"column":32}},"4":{"start":{"line":4,"column":44},"end":{"line":4,"column":48}},"5":{"start":{"line":7,"column":2},"end":{"line":7,"column":49}},"6":{"start":{"line":8,"column":19},"end":{"line":8,"column":39}},"7":{"start":{"line":10,"column":2},"end":{"line":10,"column":60}},"8":{"start":{"line":11,"column":2},"end":{"line":11,"column":63}},"9":{"start":{"line":13,"column":2},"end":{"line":13,"column":21}},"10":{"start":{"line":17,"column":2},"end":{"line":17,"column":43}},"11":{"start":{"line":18,"column":2},"end":{"line":18,"column":36}},"12":{"start":{"line":19,"column":2},"end":{"line":21,"column":3}},"13":{"start":{"line":20,"column":4},"end":{"line":20,"column":29}},"14":{"start":{"line":25,"column":22},"end":{"line":25,"column":53}},"15":{"start":{"line":26,"column":2},"end":{"line":28,"column":3}},"16":{"start":{"line":27,"column":4},"end":{"line":27,"column":42}},"17":{"start":{"line":31,"column":0},"end":{"line":31,"column":33}}},"fnMap":{"0":{"name":"connectToDatabase","decl":{"start":{"line":6,"column":15},"end":{"line":6,"column":32}},"loc":{"start":{"line":6,"column":32},"end":{"line":14,"column":null}}},"1":{"name":"disconnectDatabase","decl":{"start":{"line":16,"column":22},"end":{"line":16,"column":40}},"loc":{"start":{"line":16,"column":40},"end":{"line":22,"column":null}}},"2":{"name":"clearDatabase","decl":{"start":{"line":24,"column":22},"end":{"line":24,"column":35}},"loc":{"start":{"line":24,"column":35},"end":{"line":29,"column":null}}}},"branchMap":{"0":{"loc":{"start":{"line":19,"column":2},"end":{"line":21,"column":3}},"type":"if","locations":[{"start":{"line":19,"column":2},"end":{"line":21,"column":3}},{"start":{},"end":{}}]}},"s":{"0":1,"1":1,"2":1,"3":1,"4":1,"5":1,"6":1,"7":1,"8":1,"9":1,"10":1,"11":1,"12":1,"13":1,"14":14,"15":14,"16":14,"17":1},"f":{"0":1,"1":1,"2":14},"b":{"0":[1,0]}}
,"C:\\Users\\mihir\\OneDrive\\Desktop\\Development\\todo-app-testing\\src\\db.ts": {"path":"C:\\Users\\mihir\\OneDrive\\Desktop\\Development\\todo-app-testing\\src\\db.ts","statementMap":{"0":{"start":{"line":1,"column":0},"end":{"line":1,"column":44}},"1":{"start":{"line":2,"column":0},"end":{"line":2,"column":27}},"2":{"start":{"line":4,"column":0},"end":{"line":4,"column":16}},"3":{"start":{"line":8,"column":19},"end":{"line":11,"column":2}},"4":{"start":{"line":13,"column":13},"end":{"line":13,"column":null}}},"fnMap":{},"branchMap":{},"s":{"0":1,"1":1,"2":1,"3":1,"4":1},"f":{},"b":{}}
,"C:\\Users\\mihir\\OneDrive\\Desktop\\Development\\todo-app-testing\\src\\index.ts": {"path":"C:\\Users\\mihir\\OneDrive\\Desktop\\Development\\todo-app-testing\\src\\index.ts","statementMap":{"0":{"start":{"line":1,"column":0},"end":{"line":1,"column":30}},"1":{"start":{"line":2,"column":0},"end":{"line":2,"column":33}},"2":{"start":{"line":3,"column":0},"end":{"line":3,"column":32}},"3":{"start":{"line":5,"column":13},"end":{"line":5,"column":29}},"4":{"start":{"line":7,"column":0},"end":{"line":7,"column":24}},"5":{"start":{"line":9,"column":0},"end":{"line":30,"column":3}},"6":{"start":{"line":9,"column":38},"end":{"line":30,"column":2}},"7":{"start":{"line":10,"column":28},"end":{"line":10,"column":36}},"8":{"start":{"line":11,"column":2},"end":{"line":16,"column":3}},"9":{"start":{"line":12,"column":4},"end":{"line":14,"column":7}},"10":{"start":{"line":15,"column":4},"end":{"line":15,"column":11}},"11":{"start":{"line":18,"column":2},"end":{"line":29,"column":3}},"12":{"start":{"line":19,"column":17},"end":{"line":22,"column":6}},"13":{"start":{"line":23,"column":4},"end":{"line":25,"column":7}},"14":{"start":{"line":27,"column":4},"end":{"line":27,"column":23}},"15":{"start":{"line":28,"column":4},"end":{"line":28,"column":57}},"16":{"start":{"line":32,"column":0},"end":{"line":42,"column":3}},"17":{"start":{"line":32,"column":37},"end":{"line":42,"column":2}},"18":{"start":{"line":33,"column":2},"end":{"line":41,"column":3}},"19":{"start":{"line":34,"column":18},"end":{"line":34,"column":40}},"20":{"start":{"line":35,"column":4},"end":{"line":37,"column":7}},"21":{"start":{"line":39,"column":4},"end":{"line":39,"column":23}},"22":{"start":{"line":40,"column":4},"end":{"line":40,"column":58}},"23":{"start":{"line":44,"column":0},"end":{"line":72,"column":3}},"24":{"start":{"line":44,"column":41},"end":{"line":72,"column":2}},"25":{"start":{"line":45,"column":17},"end":{"line":45,"column":27}},"26":{"start":{"line":46,"column":28},"end":{"line":46,"column":36}},"27":{"start":{"line":48,"column":2},"end":{"line":51,"column":3}},"28":{"start":{"line":49,"column":4},"end":{"line":49,"column":53}},"29":{"start":{"line":50,"column":4},"end":{"line":50,"column":11}},"30":{"start":{"line":53,"column":2},"end":{"line":71,"column":3}},"31":{"start":{"line":54,"column":17},"end":{"line":57,"column":null}},"32":{"start":{"line":60,"column":4},"end":{"line":63,"column":5}},"33":{"start":{"line":61,"column":6},"end":{"line":61,"column":54}},"34":{"start":{"line":62,"column":6},"end":{"line":62,"column":13}},"35":{"start":{"line":65,"column":4},"end":{"line":67,"column":7}},"36":{"start":{"line":69,"column":4},"end":{"line":69,"column":23}},"37":{"start":{"line":70,"column":4},"end":{"line":70,"column":57}},"38":{"start":{"line":74,"column":0},"end":{"line":95,"column":3}},"39":{"start":{"line":74,"column":51},"end":{"line":95,"column":2}},"40":{"start":{"line":75,"column":17},"end":{"line":75,"column":27}},"41":{"start":{"line":77,"column":2},"end":{"line":80,"column":3}},"42":{"start":{"line":78,"column":4},"end":{"line":78,"column":53}},"43":{"start":{"line":79,"column":4},"end":{"line":79,"column":11}},"44":{"start":{"line":82,"column":2},"end":{"line":94,"column":3}},"45":{"start":{"line":83,"column":17},"end":{"line":83,"column":54}},"46":{"start":{"line":85,"column":4},"end":{"line":88,"column":5}},"47":{"start":{"line":86,"column":6},"end":{"line":86,"column":54}},"48":{"start":{"line":87,"column":6},"end":{"line":87,"column":13}},"49":{"start":{"line":90,"column":4},"end":{"line":90,"column":57}},"50":{"start":{"line":92,"column":4},"end":{"line":92,"column":23}},"51":{"start":{"line":93,"column":4},"end":{"line":93,"column":57}}},"fnMap":{"0":{"name":"(anonymous_8)","decl":{"start":{"line":9,"column":19},"end":{"line":9,"column":26}},"loc":{"start":{"line":9,"column":38},"end":{"line":30,"column":2}}},"1":{"name":"(anonymous_9)","decl":{"start":{"line":9,"column":38},"end":{"line":9,"column":null}},"loc":{"start":{"line":9,"column":38},"end":{"line":30,"column":1}}},"2":{"name":"(anonymous_10)","decl":{"start":{"line":32,"column":18},"end":{"line":32,"column":25}},"loc":{"start":{"line":32,"column":37},"end":{"line":42,"column":2}}},"3":{"name":"(anonymous_11)","decl":{"start":{"line":32,"column":37},"end":{"line":32,"column":null}},"loc":{"start":{"line":32,"column":37},"end":{"line":42,"column":1}}},"4":{"name":"(anonymous_12)","decl":{"start":{"line":44,"column":22},"end":{"line":44,"column":29}},"loc":{"start":{"line":44,"column":41},"end":{"line":72,"column":2}}},"5":{"name":"(anonymous_13)","decl":{"start":{"line":44,"column":41},"end":{"line":44,"column":null}},"loc":{"start":{"line":44,"column":41},"end":{"line":72,"column":1}}},"6":{"name":"(anonymous_14)","decl":{"start":{"line":74,"column":32},"end":{"line":74,"column":39}},"loc":{"start":{"line":74,"column":51},"end":{"line":95,"column":2}}},"7":{"name":"(anonymous_15)","decl":{"start":{"line":74,"column":51},"end":{"line":74,"column":null}},"loc":{"start":{"line":74,"column":51},"end":{"line":95,"column":1}}}},"branchMap":{"0":{"loc":{"start":{"line":11,"column":2},"end":{"line":16,"column":3}},"type":"if","locations":[{"start":{"line":11,"column":2},"end":{"line":16,"column":3}},{"start":{},"end":{}}]},"1":{"loc":{"start":{"line":48,"column":2},"end":{"line":51,"column":3}},"type":"if","locations":[{"start":{"line":48,"column":2},"end":{"line":51,"column":3}},{"start":{},"end":{}}]},"2":{"loc":{"start":{"line":60,"column":4},"end":{"line":63,"column":5}},"type":"if","locations":[{"start":{"line":60,"column":4},"end":{"line":63,"column":5}},{"start":{},"end":{}}]},"3":{"loc":{"start":{"line":77,"column":2},"end":{"line":80,"column":3}},"type":"if","locations":[{"start":{"line":77,"column":2},"end":{"line":80,"column":3}},{"start":{},"end":{}}]},"4":{"loc":{"start":{"line":85,"column":4},"end":{"line":88,"column":5}},"type":"if","locations":[{"start":{"line":85,"column":4},"end":{"line":88,"column":5}},{"start":{},"end":{}}]}},"s":{"0":1,"1":1,"2":1,"3":1,"4":1,"5":1,"6":5,"7":5,"8":5,"9":2,"10":2,"11":3,"12":3,"13":3,"14":0,"15":0,"16":1,"17":4,"18":4,"19":4,"20":4,"21":0,"22":0,"23":1,"24":5,"25":5,"26":5,"27":5,"28":1,"29":1,"30":4,"31":4,"32":4,"33":1,"34":1,"35":3,"36":0,"37":0,"38":1,"39":4,"40":4,"41":4,"42":1,"43":1,"44":3,"45":3,"46":3,"47":1,"48":1,"49":2,"50":0,"51":0},"f":{"0":5,"1":5,"2":4,"3":4,"4":5,"5":5,"6":4,"7":4},"b":{"0":[2,3],"1":[1,4],"2":[1,3],"3":[1,3],"4":[1,2]}}
}
