TN:
SF:src\conn.ts
FN:6,connectToDatabase
FN:16,disconnectDatabase
FN:24,clearDatabase
FNF:3
FNH:3
FNDA:1,connectToDatabase
FNDA:1,disconnectDatabase
FNDA:14,clearDatabase
DA:1,1
DA:2,1
DA:4,1
DA:7,1
DA:8,1
DA:10,1
DA:11,1
DA:13,1
DA:16,1
DA:17,1
DA:18,1
DA:19,1
DA:20,1
DA:24,1
DA:25,14
DA:26,14
DA:27,14
DA:31,1
LF:18
LH:18
BRDA:19,0,0,1
BRDA:19,0,1,0
BRF:2
BRH:1
end_of_record
TN:
SF:src\db.ts
FNF:0
FNH:0
DA:1,1
DA:2,1
DA:4,1
DA:8,1
DA:13,1
LF:5
LH:5
BRF:0
BRH:0
end_of_record
TN:
SF:src\index.ts
FN:9,(anonymous_8)
FN:9,(anonymous_9)
FN:32,(anonymous_10)
FN:32,(anonymous_11)
FN:44,(anonymous_12)
FN:44,(anonymous_13)
FN:74,(anonymous_14)
FN:74,(anonymous_15)
FNF:8
FNH:8
FNDA:5,(anonymous_8)
FNDA:5,(anonymous_9)
FNDA:4,(anonymous_10)
FNDA:4,(anonymous_11)
FNDA:5,(anonymous_12)
FNDA:5,(anonymous_13)
FNDA:4,(anonymous_14)
FNDA:4,(anonymous_15)
DA:1,1
DA:2,1
DA:3,1
DA:5,1
DA:7,1
DA:9,5
DA:10,5
DA:11,5
DA:12,2
DA:15,2
DA:18,3
DA:19,3
DA:23,3
DA:27,0
DA:28,0
DA:32,4
DA:33,4
DA:34,4
DA:35,4
DA:39,0
DA:40,0
DA:44,5
DA:45,5
DA:46,5
DA:48,5
DA:49,1
DA:50,1
DA:53,4
DA:54,4
DA:60,4
DA:61,1
DA:62,1
DA:65,3
DA:69,0
DA:70,0
DA:74,4
DA:75,4
DA:77,4
DA:78,1
DA:79,1
DA:82,3
DA:83,3
DA:85,3
DA:86,1
DA:87,1
DA:90,2
DA:92,0
DA:93,0
LF:48
LH:40
BRDA:11,0,0,2
BRDA:11,0,1,3
BRDA:48,1,0,1
BRDA:48,1,1,4
BRDA:60,2,0,1
BRDA:60,2,1,3
BRDA:77,3,0,1
BRDA:77,3,1,3
BRDA:85,4,0,1
BRDA:85,4,1,2
BRF:10
BRH:10
end_of_record
